0 info it worked if it ends with ok
1 verbose cli [ '/usr/local/bin/node',
1 verbose cli   '/usr/local/bin/npm',
1 verbose cli   'run',
1 verbose cli   'knex',
1 verbose cli   'seed:run' ]
2 info using npm@4.1.2
3 info using node@v7.6.0
4 verbose run-script [ 'preknex', 'knex', 'postknex' ]
5 info lifecycle pinpoint@0.0.0~preknex: pinpoint@0.0.0
6 silly lifecycle pinpoint@0.0.0~preknex: no script for preknex, continuing
7 info lifecycle pinpoint@0.0.0~knex: pinpoint@0.0.0
8 verbose lifecycle pinpoint@0.0.0~knex: unsafe-perm in lifecycle true
9 verbose lifecycle pinpoint@0.0.0~knex: PATH: /usr/local/lib/node_modules/npm/bin/node-gyp-bin:/home/mike/Desktop/galvanize/projects/q2-project/pinpoint/node_modules/.bin:/home/mike/bin:/home/mike/.local/bin:/usr/local/sbin:/usr/local/bin:/usr/sbin:/usr/bin:/sbin:/bin:/usr/games:/usr/local/games:/snap/bin
10 verbose lifecycle pinpoint@0.0.0~knex: CWD: /home/mike/Desktop/galvanize/projects/q2-project/pinpoint
11 silly lifecycle pinpoint@0.0.0~knex: Args: [ '-c', 'knex "seed:run"' ]
12 silly lifecycle pinpoint@0.0.0~knex: Returned: code: 1  signal: null
13 info lifecycle pinpoint@0.0.0~knex: Failed to exec knex script
14 verbose stack Error: pinpoint@0.0.0 knex: `knex "seed:run"`
14 verbose stack Exit status 1
14 verbose stack     at EventEmitter.<anonymous> (/usr/local/lib/node_modules/npm/lib/utils/lifecycle.js:279:16)
14 verbose stack     at emitTwo (events.js:106:13)
14 verbose stack     at EventEmitter.emit (events.js:192:7)
14 verbose stack     at ChildProcess.<anonymous> (/usr/local/lib/node_modules/npm/lib/utils/spawn.js:40:14)
14 verbose stack     at emitTwo (events.js:106:13)
14 verbose stack     at ChildProcess.emit (events.js:192:7)
14 verbose stack     at maybeClose (internal/child_process.js:890:16)
14 verbose stack     at Process.ChildProcess._handle.onexit (internal/child_process.js:226:5)
15 verbose pkgid pinpoint@0.0.0
16 verbose cwd /home/mike/Desktop/galvanize/projects/q2-project/pinpoint
17 error Linux 4.4.0-72-generic
18 error argv "/usr/local/bin/node" "/usr/local/bin/npm" "run" "knex" "seed:run"
19 error node v7.6.0
20 error npm  v4.1.2
21 error code ELIFECYCLE
22 error pinpoint@0.0.0 knex: `knex "seed:run"`
22 error Exit status 1
23 error Failed at the pinpoint@0.0.0 knex script 'knex "seed:run"'.
23 error Make sure you have the latest version of node.js and npm installed.
23 error If you do, this is most likely a problem with the pinpoint package,
23 error not with npm itself.
23 error Tell the author that this fails on your system:
23 error     knex "seed:run"
23 error You can get information on how to open an issue for this project with:
23 error     npm bugs pinpoint
23 error Or if that isn't available, you can get their info via:
23 error     npm owner ls pinpoint
23 error There is likely additional logging output above.
24 verbose exit [ 1, true ]
